<?xml version="1.0" encoding="UTF-8"?>
<!-- Generated by org.testng.reporters.JUnitReportReporter -->
<testsuite skipped="0" hostname="DESKTOP-ONGOORI" name="com.zoopla.tests.ZooplaTest" tests="1" failures="0" timestamp="06 Apr 2019 09:42:36 GMT" time="24.122" errors="0">
  <testcase name="zooplaTest" time="24.122" classname="com.zoopla.tests.ZooplaTest"/>
</testsuite> <!-- com.zoopla.tests.ZooplaTest -->
