<?xml version="1.0" encoding="UTF-8"?>
<!-- Generated by org.testng.reporters.JUnitReportReporter -->
<testsuite skipped="0" hostname="DESKTOP-ONGOORI" name="com.zoopla.tests.TestScript" tests="1" failures="0" timestamp="05 Apr 2019 17:56:58 GMT" time="0.000" errors="0">
  <testcase name="test1" time="0.000" classname="com.zoopla.tests.TestScript"/>
</testsuite> <!-- com.zoopla.tests.TestScript -->
